# JRE version: Java(TM) SE Runtime Environment (7.0_55-b13) (build 1.7.0_55-b13)
# Java VM: Java HotSpot(TM) 64-Bit Server VM (24.55-b03 mixed mode linux-amd64 compressed oops)
Heap
 PSYoungGen      total 83456K, used 83040K [0x00000000f5800000, 0x00000000faa00000, 0x0000000100000000)
  eden space 82944K, 100% used [0x00000000f5800000,0x00000000fa900000,0x00000000fa900000)
  from space 512K, 18% used [0x00000000fa980000,0x00000000fa998000,0x00000000faa00000)
  to   space 512K, 0% used [0x00000000fa900000,0x00000000fa900000,0x00000000fa980000)
 ParOldGen       total 61440K, used 61439K [0x00000000e0800000, 0x00000000e4400000, 0x00000000f5800000)
  object space 61440K, 99% used [0x00000000e0800000,0x00000000e43ffff8,0x00000000e4400000)
 PSPermGen       total 21504K, used 12005K [0x00000000db600000, 0x00000000dcb00000, 0x00000000e0800000)
  object space 21504K, 55% used [0x00000000db600000,0x00000000dc1b94d0,0x00000000dcb00000)
GC Heap History (10 events):
Event: 13163.524 GC heap before
{Heap before GC invocations=52120 (full 28):
 PSYoungGen      total 33280K, used 32864K [0x00000000f5800000, 0x00000000faa00000, 0x0000000100000000)
  eden space 32768K, 100% used [0x00000000f5800000,0x00000000f7800000,0x00000000f7800000)
  from space 512K, 18% used [0x00000000fa900000,0x00000000fa918000,0x00000000fa980000)
  to   space 512K, 0% used [0x00000000fa980000,0x00000000fa980000,0x00000000faa00000)
 ParOldGen       total 47616K, used 47139K [0x00000000e0800000, 0x00000000e3680000, 0x00000000f5800000)
  object space 47616K, 98% used [0x00000000e0800000,0x00000000e3608d38,0x00000000e3680000)
 PSPermGen       total 21504K, used 12005K [0x00000000db600000, 0x00000000dcb00000, 0x00000000e0800000)
  object space 21504K, 55% used [0x00000000db600000,0x00000000dc1b94d0,0x00000000dcb00000)
Event: 13163.695 GC heap after
Heap after GC invocations=52120 (full 28):
 PSYoungGen      total 39936K, used 64K [0x00000000f5800000, 0x00000000faa00000, 0x0000000100000000)
  eden space 39424K, 0% used [0x00000000f5800000,0x00000000f5800000,0x00000000f7e80000)
  from space 512K, 12% used [0x00000000fa980000,0x00000000fa990000,0x00000000faa00000)
  to   space 512K, 0% used [0x00000000fa900000,0x00000000fa900000,0x00000000fa980000)
 ParOldGen       total 47616K, used 47155K [0x00000000e0800000, 0x00000000e3680000, 0x00000000f5800000)
  object space 47616K, 99% used [0x00000000e0800000,0x00000000e360cd38,0x00000000e3680000)
 PSPermGen       total 21504K, used 12005K [0x00000000db600000, 0x00000000dcb00000, 0x00000000e0800000)
  object space 21504K, 55% used [0x00000000db600000,0x00000000dc1b94d0,0x00000000dcb00000)
}
Event: 13164.429 GC heap before
{Heap before GC invocations=52121 (full 28):
 PSYoungGen      total 39936K, used 39488K [0x00000000f5800000, 0x00000000faa00000, 0x0000000100000000)
  eden space 39424K, 100% used [0x00000000f5800000,0x00000000f7e80000,0x00000000f7e80000)
  from space 512K, 12% used [0x00000000fa980000,0x00000000fa990000,0x00000000faa00000)
  to   space 512K, 0% used [0x00000000fa900000,0x00000000fa900000,0x00000000fa980000)
 ParOldGen       total 47616K, used 47155K [0x00000000e0800000, 0x00000000e3680000, 0x00000000f5800000)
  object space 47616K, 99% used [0x00000000e0800000,0x00000000e360cd38,0x00000000e3680000)
 PSPermGen       total 21504K, used 12005K [0x00000000db600000, 0x00000000dcb00000, 0x00000000e0800000)
  object space 21504K, 55% used [0x00000000db600000,0x00000000dc1b94d0,0x00000000dcb00000)
Event: 13164.441 GC heap after
Heap after GC invocations=52121 (full 28):
 PSYoungGen      total 48128K, used 128K [0x00000000f5800000, 0x00000000faa00000, 0x0000000100000000)
  eden space 47616K, 0% used [0x00000000f5800000,0x00000000f5800000,0x00000000f8680000)
  from space 512K, 25% used [0x00000000fa900000,0x00000000fa920000,0x00000000fa980000)
  to   space 512K, 0% used [0x00000000fa980000,0x00000000fa980000,0x00000000faa00000)
 ParOldGen       total 47616K, used 47187K [0x00000000e0800000, 0x00000000e3680000, 0x00000000f5800000)
  object space 47616K, 99% used [0x00000000e0800000,0x00000000e3614d38,0x00000000e3680000)
 PSPermGen       total 21504K, used 12005K [0x00000000db600000, 0x00000000dcb00000, 0x00000000e0800000)
  object space 21504K, 55% used [0x00000000db600000,0x00000000dc1b94d0,0x00000000dcb00000)
}
Event: 13165.175 GC heap before
{Heap before GC invocations=52122 (full 28):
 PSYoungGen      total 48128K, used 47744K [0x00000000f5800000, 0x00000000faa00000, 0x0000000100000000)
  eden space 47616K, 100% used [0x00000000f5800000,0x00000000f8680000,0x00000000f8680000)
  from space 512K, 25% used [0x00000000fa900000,0x00000000fa920000,0x00000000fa980000)
  to   space 512K, 0% used [0x00000000fa980000,0x00000000fa980000,0x00000000faa00000)
 ParOldGen       total 47616K, used 47187K [0x00000000e0800000, 0x00000000e3680000, 0x00000000f5800000)
  object space 47616K, 99% used [0x00000000e0800000,0x00000000e3614d38,0x00000000e3680000)
 PSPermGen       total 21504K, used 12005K [0x00000000db600000, 0x00000000dcb00000, 0x00000000e0800000)
  object space 21504K, 55% used [0x00000000db600000,0x00000000dc1b94d0,0x00000000dcb00000)
Event: 13165.177 GC heap after
Heap after GC invocations=52122 (full 28):
 PSYoungGen      total 57856K, used 128K [0x00000000f5800000, 0x00000000faa00000, 0x0000000100000000)
  eden space 57344K, 0% used [0x00000000f5800000,0x00000000f5800000,0x00000000f9000000)
  from space 512K, 25% used [0x00000000fa980000,0x00000000fa9a0000,0x00000000faa00000)
  to   space 512K, 0% used [0x00000000fa900000,0x00000000fa900000,0x00000000fa980000)
 ParOldGen       total 47616K, used 47211K [0x00000000e0800000, 0x00000000e3680000, 0x00000000f5800000)
  object space 47616K, 99% used [0x00000000e0800000,0x00000000e361ad38,0x00000000e3680000)
 PSPermGen       total 21504K, used 12005K [0x00000000db600000, 0x00000000dcb00000, 0x00000000e0800000)
  object space 21504K, 55% used [0x00000000db600000,0x00000000dc1b94d0,0x00000000dcb00000)
}
Event: 13166.042 GC heap before
{Heap before GC invocations=52123 (full 28):
 PSYoungGen      total 57856K, used 57472K [0x00000000f5800000, 0x00000000faa00000, 0x0000000100000000)
  eden space 57344K, 100% used [0x00000000f5800000,0x00000000f9000000,0x00000000f9000000)
  from space 512K, 25% used [0x00000000fa980000,0x00000000fa9a0000,0x00000000faa00000)
  to   space 512K, 0% used [0x00000000fa900000,0x00000000fa900000,0x00000000fa980000)
 ParOldGen       total 47616K, used 47211K [0x00000000e0800000, 0x00000000e3680000, 0x00000000f5800000)
  object space 47616K, 99% used [0x00000000e0800000,0x00000000e361ad38,0x00000000e3680000)
 PSPermGen       total 21504K, used 12005K [0x00000000db600000, 0x00000000dcb00000, 0x00000000e0800000)
  object space 21504K, 55% used [0x00000000db600000,0x00000000dc1b94d0,0x00000000dcb00000)
Event: 13166.045 GC heap after
Heap after GC invocations=52123 (full 28):
 PSYoungGen      total 69632K, used 64K [0x00000000f5800000, 0x00000000faa00000, 0x0000000100000000)
  eden space 69120K, 0% used [0x00000000f5800000,0x00000000f5800000,0x00000000f9b80000)
  from space 512K, 12% used [0x00000000fa900000,0x00000000fa910000,0x00000000fa980000)
  to   space 512K, 0% used [0x00000000fa980000,0x00000000fa980000,0x00000000faa00000)
 ParOldGen       total 47616K, used 47211K [0x00000000e0800000, 0x00000000e3680000, 0x00000000f5800000)
  object space 47616K, 99% used [0x00000000e0800000,0x00000000e361ad38,0x00000000e3680000)
 PSPermGen       total 21504K, used 12005K [0x00000000db600000, 0x00000000dcb00000, 0x00000000e0800000)
  object space 21504K, 55% used [0x00000000db600000,0x00000000dc1b94d0,0x00000000dcb00000)
}
Event: 13167.130 GC heap before
{Heap before GC invocations=52124 (full 28):
 PSYoungGen      total 69632K, used 69184K [0x00000000f5800000, 0x00000000faa00000, 0x0000000100000000)
  eden space 69120K, 100% used [0x00000000f5800000,0x00000000f9b80000,0x00000000f9b80000)
  from space 512K, 12% used [0x00000000fa900000,0x00000000fa910000,0x00000000fa980000)
  to   space 512K, 0% used [0x00000000fa980000,0x00000000fa980000,0x00000000faa00000)
 ParOldGen       total 47616K, used 47211K [0x00000000e0800000, 0x00000000e3680000, 0x00000000f5800000)
  object space 47616K, 99% used [0x00000000e0800000,0x00000000e361ad38,0x00000000e3680000)
 PSPermGen       total 21504K, used 12005K [0x00000000db600000, 0x00000000dcb00000, 0x00000000e0800000)
  object space 21504K, 55% used [0x00000000db600000,0x00000000dc1b94d0,0x00000000dcb00000)
Event: 13167.132 GC heap after
Heap after GC invocations=52124 (full 28):
 PSYoungGen      total 83456K, used 96K [0x00000000f5800000, 0x00000000faa00000, 0x0000000100000000)
  eden space 82944K, 0% used [0x00000000f5800000,0x00000000f5800000,0x00000000fa900000)
  from space 512K, 18% used [0x00000000fa980000,0x00000000fa998000,0x00000000faa00000)
  to   space 512K, 0% used [0x00000000fa900000,0x00000000fa900000,0x00000000fa980000)
 ParOldGen       total 47616K, used 47219K [0x00000000e0800000, 0x00000000e3680000, 0x00000000f5800000)
  object space 47616K, 99% used [0x00000000e0800000,0x00000000e361cd38,0x00000000e3680000)
 PSPermGen       total 21504K, used 12005K [0x00000000db600000, 0x00000000dcb00000, 0x00000000e0800000)
  object space 21504K, 55% used [0x00000000db600000,0x00000000dc1b94d0,0x00000000dcb00000)
}

