# JRE version: Java(TM) SE Runtime Environment (7.0_55-b13) (build 1.7.0_55-b13)
# Java VM: Java HotSpot(TM) 64-Bit Server VM (24.55-b03 mixed mode linux-amd64 compressed oops)
Heap
 PSYoungGen      total 15872K, used 15456K [0x00000000f5800000, 0x00000000fba80000, 0x0000000100000000)
  eden space 15360K, 100% used [0x00000000f5800000,0x00000000f6700000,0x00000000f6700000)
  from space 512K, 18% used [0x00000000fb980000,0x00000000fb998000,0x00000000fba00000)
  to   space 512K, 0% used [0x00000000fba00000,0x00000000fba00000,0x00000000fba80000)
 ParOldGen       total 13312K, used 10824K [0x00000000e0800000, 0x00000000e1500000, 0x00000000f5800000)
  object space 13312K, 81% used [0x00000000e0800000,0x00000000e12923f8,0x00000000e1500000)
 PSPermGen       total 23552K, used 11640K [0x00000000db600000, 0x00000000dcd00000, 0x00000000e0800000)
  object space 23552K, 49% used [0x00000000db600000,0x00000000dc15e2b8,0x00000000dcd00000)
GC Heap History (10 events):
Event: 986.287 GC heap before
{Heap before GC invocations=3574 (full 1):
 PSYoungGen      total 15872K, used 15424K [0x00000000f5800000, 0x00000000fba80000, 0x0000000100000000)
  eden space 15360K, 100% used [0x00000000f5800000,0x00000000f6700000,0x00000000f6700000)
  from space 512K, 12% used [0x00000000fba00000,0x00000000fba10000,0x00000000fba80000)
  to   space 512K, 0% used [0x00000000fb980000,0x00000000fb980000,0x00000000fba00000)
 ParOldGen       total 13312K, used 10792K [0x00000000e0800000, 0x00000000e1500000, 0x00000000f5800000)
  object space 13312K, 81% used [0x00000000e0800000,0x00000000e128a3f8,0x00000000e1500000)
 PSPermGen       total 23552K, used 11640K [0x00000000db600000, 0x00000000dcd00000, 0x00000000e0800000)
  object space 23552K, 49% used [0x00000000db600000,0x00000000dc15e2b8,0x00000000dcd00000)
Event: 986.289 GC heap after
Heap after GC invocations=3574 (full 1):
 PSYoungGen      total 15872K, used 64K [0x00000000f5800000, 0x00000000fba80000, 0x0000000100000000)
  eden space 15360K, 0% used [0x00000000f5800000,0x00000000f5800000,0x00000000f6700000)
  from space 512K, 12% used [0x00000000fb980000,0x00000000fb990000,0x00000000fba00000)
  to   space 512K, 0% used [0x00000000fba00000,0x00000000fba00000,0x00000000fba80000)
 ParOldGen       total 13312K, used 10800K [0x00000000e0800000, 0x00000000e1500000, 0x00000000f5800000)
  object space 13312K, 81% used [0x00000000e0800000,0x00000000e128c3f8,0x00000000e1500000)
 PSPermGen       total 23552K, used 11640K [0x00000000db600000, 0x00000000dcd00000, 0x00000000e0800000)
  object space 23552K, 49% used [0x00000000db600000,0x00000000dc15e2b8,0x00000000dcd00000)
}
Event: 987.081 GC heap before
{Heap before GC invocations=3575 (full 1):
 PSYoungGen      total 15872K, used 15424K [0x00000000f5800000, 0x00000000fba80000, 0x0000000100000000)
  eden space 15360K, 100% used [0x00000000f5800000,0x00000000f6700000,0x00000000f6700000)
  from space 512K, 12% used [0x00000000fb980000,0x00000000fb990000,0x00000000fba00000)
  to   space 512K, 0% used [0x00000000fba00000,0x00000000fba00000,0x00000000fba80000)
 ParOldGen       total 13312K, used 10800K [0x00000000e0800000, 0x00000000e1500000, 0x00000000f5800000)
  object space 13312K, 81% used [0x00000000e0800000,0x00000000e128c3f8,0x00000000e1500000)
 PSPermGen       total 23552K, used 11640K [0x00000000db600000, 0x00000000dcd00000, 0x00000000e0800000)
  object space 23552K, 49% used [0x00000000db600000,0x00000000dc15e2b8,0x00000000dcd00000)
Event: 987.083 GC heap after
Heap after GC invocations=3575 (full 1):
 PSYoungGen      total 15872K, used 64K [0x00000000f5800000, 0x00000000fba80000, 0x0000000100000000)
  eden space 15360K, 0% used [0x00000000f5800000,0x00000000f5800000,0x00000000f6700000)
  from space 512K, 12% used [0x00000000fba00000,0x00000000fba10000,0x00000000fba80000)
  to   space 512K, 0% used [0x00000000fb980000,0x00000000fb980000,0x00000000fba00000)
 ParOldGen       total 13312K, used 10808K [0x00000000e0800000, 0x00000000e1500000, 0x00000000f5800000)
  object space 13312K, 81% used [0x00000000e0800000,0x00000000e128e3f8,0x00000000e1500000)
 PSPermGen       total 23552K, used 11640K [0x00000000db600000, 0x00000000dcd00000, 0x00000000e0800000)
  object space 23552K, 49% used [0x00000000db600000,0x00000000dc15e2b8,0x00000000dcd00000)
}
Event: 987.360 GC heap before
{Heap before GC invocations=3576 (full 1):
 PSYoungGen      total 15872K, used 15424K [0x00000000f5800000, 0x00000000fba80000, 0x0000000100000000)
  eden space 15360K, 100% used [0x00000000f5800000,0x00000000f6700000,0x00000000f6700000)
  from space 512K, 12% used [0x00000000fba00000,0x00000000fba10000,0x00000000fba80000)
  to   space 512K, 0% used [0x00000000fb980000,0x00000000fb980000,0x00000000fba00000)
 ParOldGen       total 13312K, used 10808K [0x00000000e0800000, 0x00000000e1500000, 0x00000000f5800000)
  object space 13312K, 81% used [0x00000000e0800000,0x00000000e128e3f8,0x00000000e1500000)
 PSPermGen       total 23552K, used 11640K [0x00000000db600000, 0x00000000dcd00000, 0x00000000e0800000)
  object space 23552K, 49% used [0x00000000db600000,0x00000000dc15e2b8,0x00000000dcd00000)
Event: 987.361 GC heap after
Heap after GC invocations=3576 (full 1):
 PSYoungGen      total 15872K, used 64K [0x00000000f5800000, 0x00000000fba80000, 0x0000000100000000)
  eden space 15360K, 0% used [0x00000000f5800000,0x00000000f5800000,0x00000000f6700000)
  from space 512K, 12% used [0x00000000fb980000,0x00000000fb990000,0x00000000fba00000)
  to   space 512K, 0% used [0x00000000fba00000,0x00000000fba00000,0x00000000fba80000)
 ParOldGen       total 13312K, used 10816K [0x00000000e0800000, 0x00000000e1500000, 0x00000000f5800000)
  object space 13312K, 81% used [0x00000000e0800000,0x00000000e12903f8,0x00000000e1500000)
 PSPermGen       total 23552K, used 11640K [0x00000000db600000, 0x00000000dcd00000, 0x00000000e0800000)
  object space 23552K, 49% used [0x00000000db600000,0x00000000dc15e2b8,0x00000000dcd00000)
}
Event: 987.627 GC heap before
{Heap before GC invocations=3577 (full 1):
 PSYoungGen      total 15872K, used 15424K [0x00000000f5800000, 0x00000000fba80000, 0x0000000100000000)
  eden space 15360K, 100% used [0x00000000f5800000,0x00000000f6700000,0x00000000f6700000)
  from space 512K, 12% used [0x00000000fb980000,0x00000000fb990000,0x00000000fba00000)
  to   space 512K, 0% used [0x00000000fba00000,0x00000000fba00000,0x00000000fba80000)
 ParOldGen       total 13312K, used 10816K [0x00000000e0800000, 0x00000000e1500000, 0x00000000f5800000)
  object space 13312K, 81% used [0x00000000e0800000,0x00000000e12903f8,0x00000000e1500000)
 PSPermGen       total 23552K, used 11640K [0x00000000db600000, 0x00000000dcd00000, 0x00000000e0800000)
  object space 23552K, 49% used [0x00000000db600000,0x00000000dc15e2b8,0x00000000dcd00000)
Event: 987.628 GC heap after
Heap after GC invocations=3577 (full 1):
 PSYoungGen      total 15872K, used 64K [0x00000000f5800000, 0x00000000fba80000, 0x0000000100000000)
  eden space 15360K, 0% used [0x00000000f5800000,0x00000000f5800000,0x00000000f6700000)
  from space 512K, 12% used [0x00000000fba00000,0x00000000fba10000,0x00000000fba80000)
  to   space 512K, 0% used [0x00000000fb980000,0x00000000fb980000,0x00000000fba00000)
 ParOldGen       total 13312K, used 10824K [0x00000000e0800000, 0x00000000e1500000, 0x00000000f5800000)
  object space 13312K, 81% used [0x00000000e0800000,0x00000000e12923f8,0x00000000e1500000)
 PSPermGen       total 23552K, used 11640K [0x00000000db600000, 0x00000000dcd00000, 0x00000000e0800000)
  object space 23552K, 49% used [0x00000000db600000,0x00000000dc15e2b8,0x00000000dcd00000)
}
Event: 987.881 GC heap before
{Heap before GC invocations=3578 (full 1):
 PSYoungGen      total 15872K, used 15424K [0x00000000f5800000, 0x00000000fba80000, 0x0000000100000000)
  eden space 15360K, 100% used [0x00000000f5800000,0x00000000f6700000,0x00000000f6700000)
  from space 512K, 12% used [0x00000000fba00000,0x00000000fba10000,0x00000000fba80000)
  to   space 512K, 0% used [0x00000000fb980000,0x00000000fb980000,0x00000000fba00000)
 ParOldGen       total 13312K, used 10824K [0x00000000e0800000, 0x00000000e1500000, 0x00000000f5800000)
  object space 13312K, 81% used [0x00000000e0800000,0x00000000e12923f8,0x00000000e1500000)
 PSPermGen       total 23552K, used 11640K [0x00000000db600000, 0x00000000dcd00000, 0x00000000e0800000)
  object space 23552K, 49% used [0x00000000db600000,0x00000000dc15e2b8,0x00000000dcd00000)
Event: 987.882 GC heap after
Heap after GC invocations=3578 (full 1):
 PSYoungGen      total 15872K, used 96K [0x00000000f5800000, 0x00000000fba80000, 0x0000000100000000)
  eden space 15360K, 0% used [0x00000000f5800000,0x00000000f5800000,0x00000000f6700000)
  from space 512K, 18% used [0x00000000fb980000,0x00000000fb998000,0x00000000fba00000)
  to   space 512K, 0% used [0x00000000fba00000,0x00000000fba00000,0x00000000fba80000)
 ParOldGen       total 13312K, used 10824K [0x00000000e0800000, 0x00000000e1500000, 0x00000000f5800000)
  object space 13312K, 81% used [0x00000000e0800000,0x00000000e12923f8,0x00000000e1500000)
 PSPermGen       total 23552K, used 11640K [0x00000000db600000, 0x00000000dcd00000, 0x00000000e0800000)
  object space 23552K, 49% used [0x00000000db600000,0x00000000dc15e2b8,0x00000000dcd00000)
}

