# JRE version: Java(TM) SE Runtime Environment (7.0_45-b18) (build 1.7.0_45-b18)
# Java VM: Java HotSpot(TM) 64-Bit Server VM (24.45-b08 mixed mode linux-amd64 compressed oops)
Heap
 PSYoungGen      total 125440K, used 0K [0x00000000f5800000, 0x0000000100000000, 0x0000000100000000)
  eden space 80896K, 0% used [0x00000000f5800000,0x00000000f5800000,0x00000000fa700000)
  from space 44544K, 0% used [0x00000000fa700000,0x00000000fa700000,0x00000000fd280000)
  to   space 46592K, 0% used [0x00000000fd280000,0x00000000fd280000,0x0000000100000000)
 ParOldGen       total 333312K, used 34357K [0x00000000e0800000, 0x00000000f4d80000, 0x00000000f5800000)
  object space 333312K, 10% used [0x00000000e0800000,0x00000000e298d600,0x00000000f4d80000)
 PSPermGen       total 21504K, used 12760K [0x00000000db600000, 0x00000000dcb00000, 0x00000000e0800000)
  object space 21504K, 59% used [0x00000000db600000,0x00000000dc2760a0,0x00000000dcb00000)
GC Heap History (10 events):
Event: 156.347 GC heap after
Heap after GC invocations=277 (full 36):
 PSYoungGen      total 126976K, used 37689K [0x00000000f5800000, 0x0000000100000000, 0x0000000100000000)
  eden space 83968K, 0% used [0x00000000f5800000,0x00000000f5800000,0x00000000faa00000)
  from space 43008K, 87% used [0x00000000faa00000,0x00000000fcece708,0x00000000fd400000)
  to   space 45056K, 0% used [0x00000000fd400000,0x00000000fd400000,0x0000000100000000)
 ParOldGen       total 333312K, used 182284K [0x00000000e0800000, 0x00000000f4d80000, 0x00000000f5800000)
  object space 333312K, 54% used [0x00000000e0800000,0x00000000eba03308,0x00000000f4d80000)
 PSPermGen       total 21504K, used 12760K [0x00000000db600000, 0x00000000dcb00000, 0x00000000e0800000)
  object space 21504K, 59% used [0x00000000db600000,0x00000000dc2760a0,0x00000000dcb00000)
}
Event: 156.548 GC heap before
{Heap before GC invocations=278 (full 36):
 PSYoungGen      total 126976K, used 121657K [0x00000000f5800000, 0x0000000100000000, 0x0000000100000000)
  eden space 83968K, 100% used [0x00000000f5800000,0x00000000faa00000,0x00000000faa00000)
  from space 43008K, 87% used [0x00000000faa00000,0x00000000fcece708,0x00000000fd400000)
  to   space 45056K, 0% used [0x00000000fd400000,0x00000000fd400000,0x0000000100000000)
 ParOldGen       total 333312K, used 182284K [0x00000000e0800000, 0x00000000f4d80000, 0x00000000f5800000)
  object space 333312K, 54% used [0x00000000e0800000,0x00000000eba03308,0x00000000f4d80000)
 PSPermGen       total 21504K, used 12760K [0x00000000db600000, 0x00000000dcb00000, 0x00000000e0800000)
  object space 21504K, 59% used [0x00000000db600000,0x00000000dc2760a0,0x00000000dcb00000)
Event: 156.767 GC heap after
Heap after GC invocations=278 (full 36):
 PSYoungGen      total 124928K, used 35147K [0x00000000f5800000, 0x0000000100000000, 0x0000000100000000)
  eden space 79872K, 0% used [0x00000000f5800000,0x00000000f5800000,0x00000000fa600000)
  from space 45056K, 78% used [0x00000000fd400000,0x00000000ff652e10,0x0000000100000000)
  to   space 46080K, 0% used [0x00000000fa600000,0x00000000fa600000,0x00000000fd300000)
 ParOldGen       total 333312K, used 219751K [0x00000000e0800000, 0x00000000f4d80000, 0x00000000f5800000)
  object space 333312K, 65% used [0x00000000e0800000,0x00000000ede99de8,0x00000000f4d80000)
 PSPermGen       total 21504K, used 12760K [0x00000000db600000, 0x00000000dcb00000, 0x00000000e0800000)
  object space 21504K, 59% used [0x00000000db600000,0x00000000dc2760a0,0x00000000dcb00000)
}
Event: 157.862 GC heap before
{Heap before GC invocations=279 (full 36):
 PSYoungGen      total 124928K, used 115019K [0x00000000f5800000, 0x0000000100000000, 0x0000000100000000)
  eden space 79872K, 100% used [0x00000000f5800000,0x00000000fa600000,0x00000000fa600000)
  from space 45056K, 78% used [0x00000000fd400000,0x00000000ff652e10,0x0000000100000000)
  to   space 46080K, 0% used [0x00000000fa600000,0x00000000fa600000,0x00000000fd300000)
 ParOldGen       total 333312K, used 219751K [0x00000000e0800000, 0x00000000f4d80000, 0x00000000f5800000)
  object space 333312K, 65% used [0x00000000e0800000,0x00000000ede99de8,0x00000000f4d80000)
 PSPermGen       total 21504K, used 12760K [0x00000000db600000, 0x00000000dcb00000, 0x00000000e0800000)
  object space 21504K, 59% used [0x00000000db600000,0x00000000dc2760a0,0x00000000dcb00000)
Event: 158.113 GC heap after
Heap after GC invocations=279 (full 36):
 PSYoungGen      total 107008K, used 26983K [0x00000000f5800000, 0x00000000ffe00000, 0x0000000100000000)
  eden space 79872K, 0% used [0x00000000f5800000,0x00000000f5800000,0x00000000fa600000)
  from space 27136K, 99% used [0x00000000fa600000,0x00000000fc059ed0,0x00000000fc080000)
  to   space 44544K, 0% used [0x00000000fd280000,0x00000000fd280000,0x00000000ffe00000)
 ParOldGen       total 333312K, used 254928K [0x00000000e0800000, 0x00000000f4d80000, 0x00000000f5800000)
  object space 333312K, 76% used [0x00000000e0800000,0x00000000f00f4150,0x00000000f4d80000)
 PSPermGen       total 21504K, used 12760K [0x00000000db600000, 0x00000000dcb00000, 0x00000000e0800000)
  object space 21504K, 59% used [0x00000000db600000,0x00000000dc2760a0,0x00000000dcb00000)
}
Event: 158.961 GC heap before
{Heap before GC invocations=280 (full 36):
 PSYoungGen      total 107008K, used 106855K [0x00000000f5800000, 0x00000000ffe00000, 0x0000000100000000)
  eden space 79872K, 100% used [0x00000000f5800000,0x00000000fa600000,0x00000000fa600000)
  from space 27136K, 99% used [0x00000000fa600000,0x00000000fc059ed0,0x00000000fc080000)
  to   space 44544K, 0% used [0x00000000fd280000,0x00000000fd280000,0x00000000ffe00000)
 ParOldGen       total 333312K, used 254928K [0x00000000e0800000, 0x00000000f4d80000, 0x00000000f5800000)
  object space 333312K, 76% used [0x00000000e0800000,0x00000000f00f4150,0x00000000f4d80000)
 PSPermGen       total 21504K, used 12760K [0x00000000db600000, 0x00000000dcb00000, 0x00000000e0800000)
  object space 21504K, 59% used [0x00000000db600000,0x00000000dc2760a0,0x00000000dcb00000)
Event: 159.314 GC heap after
Heap after GC invocations=280 (full 36):
 PSYoungGen      total 125440K, used 20979K [0x00000000f5800000, 0x0000000100000000, 0x0000000100000000)
  eden space 80896K, 0% used [0x00000000f5800000,0x00000000f5800000,0x00000000fa700000)
  from space 44544K, 47% used [0x00000000fd280000,0x00000000fe6fcfc8,0x00000000ffe00000)
  to   space 44544K, 0% used [0x00000000fa700000,0x00000000fa700000,0x00000000fd280000)
 ParOldGen       total 333312K, used 279803K [0x00000000e0800000, 0x00000000f4d80000, 0x00000000f5800000)
  object space 333312K, 83% used [0x00000000e0800000,0x00000000f193ec30,0x00000000f4d80000)
 PSPermGen       total 21504K, used 12760K [0x00000000db600000, 0x00000000dcb00000, 0x00000000e0800000)
  object space 21504K, 59% used [0x00000000db600000,0x00000000dc2760a0,0x00000000dcb00000)
}
Event: 159.620 GC heap before
{Heap before GC invocations=281 (full 36):
 PSYoungGen      total 125440K, used 101875K [0x00000000f5800000, 0x0000000100000000, 0x0000000100000000)
  eden space 80896K, 100% used [0x00000000f5800000,0x00000000fa700000,0x00000000fa700000)
  from space 44544K, 47% used [0x00000000fd280000,0x00000000fe6fcfc8,0x00000000ffe00000)
  to   space 44544K, 0% used [0x00000000fa700000,0x00000000fa700000,0x00000000fd280000)
 ParOldGen       total 333312K, used 279804K [0x00000000e0800000, 0x00000000f4d80000, 0x00000000f5800000)
  object space 333312K, 83% used [0x00000000e0800000,0x00000000f193f1f8,0x00000000f4d80000)
 PSPermGen       total 21504K, used 12760K [0x00000000db600000, 0x00000000dcb00000, 0x00000000e0800000)
  object space 21504K, 59% used [0x00000000db600000,0x00000000dc2760a0,0x00000000dcb00000)
Event: 161.762 GC heap after
Heap after GC invocations=281 (full 36):
 PSYoungGen      total 125440K, used 7040K [0x00000000f5800000, 0x0000000100000000, 0x0000000100000000)
  eden space 80896K, 0% used [0x00000000f5800000,0x00000000f5800000,0x00000000fa700000)
  from space 44544K, 15% used [0x00000000fa700000,0x00000000fade0000,0x00000000fd280000)
  to   space 46592K, 0% used [0x00000000fd280000,0x00000000fd280000,0x0000000100000000)
 ParOldGen       total 333312K, used 295700K [0x00000000e0800000, 0x00000000f4d80000, 0x00000000f5800000)
  object space 333312K, 88% used [0x00000000e0800000,0x00000000f28c53a0,0x00000000f4d80000)
 PSPermGen       total 21504K, used 12760K [0x00000000db600000, 0x00000000dcb00000, 0x00000000e0800000)
  object space 21504K, 59% used [0x00000000db600000,0x00000000dc2760a0,0x00000000dcb00000)
}
Event: 162.532 GC heap before
{Heap before GC invocations=282 (full 37):
 PSYoungGen      total 125440K, used 7040K [0x00000000f5800000, 0x0000000100000000, 0x0000000100000000)
  eden space 80896K, 0% used [0x00000000f5800000,0x00000000f5800000,0x00000000fa700000)
  from space 44544K, 15% used [0x00000000fa700000,0x00000000fade0000,0x00000000fd280000)
  to   space 46592K, 0% used [0x00000000fd280000,0x00000000fd280000,0x0000000100000000)
 ParOldGen       total 333312K, used 295700K [0x00000000e0800000, 0x00000000f4d80000, 0x00000000f5800000)
  object space 333312K, 88% used [0x00000000e0800000,0x00000000f28c53a0,0x00000000f4d80000)
 PSPermGen       total 21504K, used 12760K [0x00000000db600000, 0x00000000dcb00000, 0x00000000e0800000)
  object space 21504K, 59% used [0x00000000db600000,0x00000000dc2760a0,0x00000000dcb00000)

