# JRE version: Java(TM) SE Runtime Environment (7.0_55-b13) (build 1.7.0_55-b13)
# Java VM: Java HotSpot(TM) 64-Bit Server VM (24.55-b03 mixed mode linux-amd64 compressed oops)
Heap
 PSYoungGen      total 78336K, used 77952K [0x00000000f5800000, 0x0000000100000000, 0x0000000100000000)
  eden space 77824K, 100% used [0x00000000f5800000,0x00000000fa400000,0x00000000fa400000)
  from space 512K, 25% used [0x00000000fff80000,0x00000000fffa0000,0x0000000100000000)
  to   space 512K, 0% used [0x00000000fff00000,0x00000000fff00000,0x00000000fff80000)
 ParOldGen       total 17408K, used 17407K [0x00000000e0800000, 0x00000000e1900000, 0x00000000f5800000)
  object space 17408K, 99% used [0x00000000e0800000,0x00000000e18ffff8,0x00000000e1900000)
 PSPermGen       total 27136K, used 11938K [0x00000000db600000, 0x00000000dd080000, 0x00000000e0800000)
  object space 27136K, 43% used [0x00000000db600000,0x00000000dc1a8b98,0x00000000dd080000)
GC Heap History (10 events):
Event: 632.426 GC heap before
{Heap before GC invocations=1744 (full 2):
 PSYoungGen      total 31232K, used 30848K [0x00000000f5800000, 0x0000000100000000, 0x0000000100000000)
  eden space 30720K, 100% used [0x00000000f5800000,0x00000000f7600000,0x00000000f7600000)
  from space 512K, 25% used [0x00000000fff00000,0x00000000fff20000,0x00000000fff80000)
  to   space 512K, 0% used [0x00000000fff80000,0x00000000fff80000,0x0000000100000000)
 ParOldGen       total 15360K, used 14899K [0x00000000e0800000, 0x00000000e1700000, 0x00000000f5800000)
  object space 15360K, 97% used [0x00000000e0800000,0x00000000e168cd40,0x00000000e1700000)
 PSPermGen       total 27136K, used 11938K [0x00000000db600000, 0x00000000dd080000, 0x00000000e0800000)
  object space 27136K, 43% used [0x00000000db600000,0x00000000dc1a8b98,0x00000000dd080000)
Event: 632.428 GC heap after
Heap after GC invocations=1744 (full 2):
 PSYoungGen      total 37376K, used 96K [0x00000000f5800000, 0x0000000100000000, 0x0000000100000000)
  eden space 36864K, 0% used [0x00000000f5800000,0x00000000f5800000,0x00000000f7c00000)
  from space 512K, 18% used [0x00000000fff80000,0x00000000fff98000,0x0000000100000000)
  to   space 512K, 0% used [0x00000000fff00000,0x00000000fff00000,0x00000000fff80000)
 ParOldGen       total 15360K, used 14923K [0x00000000e0800000, 0x00000000e1700000, 0x00000000f5800000)
  object space 15360K, 97% used [0x00000000e0800000,0x00000000e1692d40,0x00000000e1700000)
 PSPermGen       total 27136K, used 11938K [0x00000000db600000, 0x00000000dd080000, 0x00000000e0800000)
  object space 27136K, 43% used [0x00000000db600000,0x00000000dc1a8b98,0x00000000dd080000)
}
Event: 633.016 GC heap before
{Heap before GC invocations=1745 (full 2):
 PSYoungGen      total 37376K, used 36960K [0x00000000f5800000, 0x0000000100000000, 0x0000000100000000)
  eden space 36864K, 100% used [0x00000000f5800000,0x00000000f7c00000,0x00000000f7c00000)
  from space 512K, 18% used [0x00000000fff80000,0x00000000fff98000,0x0000000100000000)
  to   space 512K, 0% used [0x00000000fff00000,0x00000000fff00000,0x00000000fff80000)
 ParOldGen       total 15360K, used 14923K [0x00000000e0800000, 0x00000000e1700000, 0x00000000f5800000)
  object space 15360K, 97% used [0x00000000e0800000,0x00000000e1692d40,0x00000000e1700000)
 PSPermGen       total 27136K, used 11938K [0x00000000db600000, 0x00000000dd080000, 0x00000000e0800000)
  object space 27136K, 43% used [0x00000000db600000,0x00000000dc1a8b98,0x00000000dd080000)
Event: 633.018 GC heap after
Heap after GC invocations=1745 (full 2):
 PSYoungGen      total 45056K, used 96K [0x00000000f5800000, 0x0000000100000000, 0x0000000100000000)
  eden space 44544K, 0% used [0x00000000f5800000,0x00000000f5800000,0x00000000f8380000)
  from space 512K, 18% used [0x00000000fff00000,0x00000000fff18000,0x00000000fff80000)
  to   space 512K, 0% used [0x00000000fff80000,0x00000000fff80000,0x0000000100000000)
 ParOldGen       total 15360K, used 14931K [0x00000000e0800000, 0x00000000e1700000, 0x00000000f5800000)
  object space 15360K, 97% used [0x00000000e0800000,0x00000000e1694d40,0x00000000e1700000)
 PSPermGen       total 27136K, used 11938K [0x00000000db600000, 0x00000000dd080000, 0x00000000e0800000)
  object space 27136K, 43% used [0x00000000db600000,0x00000000dc1a8b98,0x00000000dd080000)
}
Event: 633.747 GC heap before
{Heap before GC invocations=1746 (full 2):
 PSYoungGen      total 45056K, used 44640K [0x00000000f5800000, 0x0000000100000000, 0x0000000100000000)
  eden space 44544K, 100% used [0x00000000f5800000,0x00000000f8380000,0x00000000f8380000)
  from space 512K, 18% used [0x00000000fff00000,0x00000000fff18000,0x00000000fff80000)
  to   space 512K, 0% used [0x00000000fff80000,0x00000000fff80000,0x0000000100000000)
 ParOldGen       total 15360K, used 14931K [0x00000000e0800000, 0x00000000e1700000, 0x00000000f5800000)
  object space 15360K, 97% used [0x00000000e0800000,0x00000000e1694d40,0x00000000e1700000)
 PSPermGen       total 27136K, used 11938K [0x00000000db600000, 0x00000000dd080000, 0x00000000e0800000)
  object space 27136K, 43% used [0x00000000db600000,0x00000000dc1a8b98,0x00000000dd080000)
Event: 633.749 GC heap after
Heap after GC invocations=1746 (full 2):
 PSYoungGen      total 54272K, used 128K [0x00000000f5800000, 0x0000000100000000, 0x0000000100000000)
  eden space 53760K, 0% used [0x00000000f5800000,0x00000000f5800000,0x00000000f8c80000)
  from space 512K, 25% used [0x00000000fff80000,0x00000000fffa0000,0x0000000100000000)
  to   space 512K, 0% used [0x00000000fff00000,0x00000000fff00000,0x00000000fff80000)
 ParOldGen       total 15360K, used 14939K [0x00000000e0800000, 0x00000000e1700000, 0x00000000f5800000)
  object space 15360K, 97% used [0x00000000e0800000,0x00000000e1696d40,0x00000000e1700000)
 PSPermGen       total 27136K, used 11938K [0x00000000db600000, 0x00000000dd080000, 0x00000000e0800000)
  object space 27136K, 43% used [0x00000000db600000,0x00000000dc1a8b98,0x00000000dd080000)
}
Event: 634.527 GC heap before
{Heap before GC invocations=1747 (full 2):
 PSYoungGen      total 54272K, used 53888K [0x00000000f5800000, 0x0000000100000000, 0x0000000100000000)
  eden space 53760K, 100% used [0x00000000f5800000,0x00000000f8c80000,0x00000000f8c80000)
  from space 512K, 25% used [0x00000000fff80000,0x00000000fffa0000,0x0000000100000000)
  to   space 512K, 0% used [0x00000000fff00000,0x00000000fff00000,0x00000000fff80000)
 ParOldGen       total 15360K, used 14939K [0x00000000e0800000, 0x00000000e1700000, 0x00000000f5800000)
  object space 15360K, 97% used [0x00000000e0800000,0x00000000e1696d40,0x00000000e1700000)
 PSPermGen       total 27136K, used 11938K [0x00000000db600000, 0x00000000dd080000, 0x00000000e0800000)
  object space 27136K, 43% used [0x00000000db600000,0x00000000dc1a8b98,0x00000000dd080000)
Event: 634.529 GC heap after
Heap after GC invocations=1747 (full 2):
 PSYoungGen      total 65024K, used 96K [0x00000000f5800000, 0x0000000100000000, 0x0000000100000000)
  eden space 64512K, 0% used [0x00000000f5800000,0x00000000f5800000,0x00000000f9700000)
  from space 512K, 18% used [0x00000000fff00000,0x00000000fff18000,0x00000000fff80000)
  to   space 512K, 0% used [0x00000000fff80000,0x00000000fff80000,0x0000000100000000)
 ParOldGen       total 15360K, used 14939K [0x00000000e0800000, 0x00000000e1700000, 0x00000000f5800000)
  object space 15360K, 97% used [0x00000000e0800000,0x00000000e1696d40,0x00000000e1700000)
 PSPermGen       total 27136K, used 11938K [0x00000000db600000, 0x00000000dd080000, 0x00000000e0800000)
  object space 27136K, 43% used [0x00000000db600000,0x00000000dc1a8b98,0x00000000dd080000)
}
Event: 635.632 GC heap before
{Heap before GC invocations=1748 (full 2):
 PSYoungGen      total 65024K, used 64608K [0x00000000f5800000, 0x0000000100000000, 0x0000000100000000)
  eden space 64512K, 100% used [0x00000000f5800000,0x00000000f9700000,0x00000000f9700000)
  from space 512K, 18% used [0x00000000fff00000,0x00000000fff18000,0x00000000fff80000)
  to   space 512K, 0% used [0x00000000fff80000,0x00000000fff80000,0x0000000100000000)
 ParOldGen       total 15360K, used 14939K [0x00000000e0800000, 0x00000000e1700000, 0x00000000f5800000)
  object space 15360K, 97% used [0x00000000e0800000,0x00000000e1696d40,0x00000000e1700000)
 PSPermGen       total 27136K, used 11938K [0x00000000db600000, 0x00000000dd080000, 0x00000000e0800000)
  object space 27136K, 43% used [0x00000000db600000,0x00000000dc1a8b98,0x00000000dd080000)
Event: 635.634 GC heap after
Heap after GC invocations=1748 (full 2):
 PSYoungGen      total 78336K, used 128K [0x00000000f5800000, 0x0000000100000000, 0x0000000100000000)
  eden space 77824K, 0% used [0x00000000f5800000,0x00000000f5800000,0x00000000fa400000)
  from space 512K, 25% used [0x00000000fff80000,0x00000000fffa0000,0x0000000100000000)
  to   space 512K, 0% used [0x00000000fff00000,0x00000000fff00000,0x00000000fff80000)
 ParOldGen       total 15360K, used 14955K [0x00000000e0800000, 0x00000000e1700000, 0x00000000f5800000)
  object space 15360K, 97% used [0x00000000e0800000,0x00000000e169ad40,0x00000000e1700000)
 PSPermGen       total 27136K, used 11938K [0x00000000db600000, 0x00000000dd080000, 0x00000000e0800000)
  object space 27136K, 43% used [0x00000000db600000,0x00000000dc1a8b98,0x00000000dd080000)
}

